<?xml version="1.0" encoding="UTF-8"?>
<testng-results ignored="0" total="1" passed="1" failed="0" skipped="0">
  <reporter-output>
  </reporter-output>
  <suite started-at="2023-12-21T09:28:59Z" name="TestSuite" finished-at="2023-12-21T09:29:59Z" duration-ms="60051">
    <groups>
    </groups>
    <test started-at="2023-12-21T09:28:59Z" name="Login Test" finished-at="2023-12-21T09:29:59Z" duration-ms="60051">
      <class name="Test.ExtractTest">
        <test-method is-config="true" signature="openBrowser()[pri:0, instance:Test.ExtractTest@776b83cc]" started-at="2023-12-21T09:28:59Z" name="openBrowser" finished-at="2023-12-21T09:29:16Z" duration-ms="17099" status="PASS">
          <reporter-output>
          </reporter-output>
        </test-method> <!-- openBrowser -->
        <test-method signature="successExtract()[pri:0, instance:Test.ExtractTest@776b83cc]" started-at="2023-12-21T09:29:16Z" name="successExtract" finished-at="2023-12-21T09:29:58Z" duration-ms="41607" status="PASS">
          <reporter-output>
          </reporter-output>
        </test-method> <!-- successExtract -->
        <test-method is-config="true" signature="closeBrowser()[pri:0, instance:Test.ExtractTest@776b83cc]" started-at="2023-12-21T09:29:58Z" name="closeBrowser" finished-at="2023-12-21T09:29:59Z" duration-ms="1292" status="PASS">
          <reporter-output>
          </reporter-output>
        </test-method> <!-- closeBrowser -->
      </class> <!-- Test.ExtractTest -->
    </test> <!-- Login Test -->
  </suite> <!-- TestSuite -->
</testng-results>
